<?xml version="1.0" encoding="UTF-8"?>
<testng-results ignored="0" total="1" passed="1" failed="0" skipped="0">
  <reporter-output>
  </reporter-output>
  <suite started-at="2026-01-20T11:30:52 IST" name="Master Suite" finished-at="2026-01-20T11:31:01 IST" duration-ms="8950">
    <groups>
      <group name="Master">
        <method signature="TC005_AddToCartPageTest.verify_addToCart()[pri:0, instance:testCases.TC005_AddToCartPageTest@7776ab]" name="verify_addToCart" class="testCases.TC005_AddToCartPageTest"/>
      </group> <!-- Master -->
    </groups>
    <test started-at="2026-01-20T11:30:52 IST" name="Test" finished-at="2026-01-20T11:31:01 IST" duration-ms="8950">
      <class name="testCases.TC005_AddToCartPageTest">
        <test-method is-config="true" signature="setup(java.lang.String,java.lang.String)[pri:0, instance:testCases.TC005_AddToCartPageTest@7776ab]" started-at="2026-01-20T11:30:52 IST" name="setup" finished-at="2026-01-20T11:30:58 IST" duration-ms="5841" status="PASS">
          <params>
            <param index="0">
              <value>
                <![CDATA[Windows]]>
              </value>
            </param>
            <param index="1">
              <value>
                <![CDATA[chrome]]>
              </value>
            </param>
          </params>
          <reporter-output>
          </reporter-output>
        </test-method> <!-- setup -->
        <test-method signature="verify_addToCart()[pri:0, instance:testCases.TC005_AddToCartPageTest@7776ab]" started-at="2026-01-20T11:30:58 IST" name="verify_addToCart" finished-at="2026-01-20T11:31:00 IST" duration-ms="2025" status="PASS">
          <reporter-output>
          </reporter-output>
        </test-method> <!-- verify_addToCart -->
        <test-method is-config="true" signature="tearDown()[pri:0, instance:testCases.TC005_AddToCartPageTest@7776ab]" started-at="2026-01-20T11:31:00 IST" name="tearDown" finished-at="2026-01-20T11:31:01 IST" duration-ms="534" status="PASS">
          <reporter-output>
          </reporter-output>
        </test-method> <!-- tearDown -->
      </class> <!-- testCases.TC005_AddToCartPageTest -->
    </test> <!-- Test -->
  </suite> <!-- Master Suite -->
</testng-results>
