<?xml version="1.0" encoding="UTF-8"?>
<!-- Generated by org.testng.reporters.JUnitReportReporter -->
<testsuite hostname="BaluRajanala" failures="0" tests="5" name="testCases.TC003_LoginDDT" time="57.682" errors="0" timestamp="2026-01-09T19:30:28 IST" skipped="0">
  <testcase classname="testCases.TC003_LoginDDT" name="verify_loginDDT" time="11.642"/>
  <testcase classname="testCases.TC003_LoginDDT" name="verify_loginDDT" time="11.761"/>
  <testcase classname="testCases.TC003_LoginDDT" name="verify_loginDDT" time="11.455"/>
  <testcase classname="testCases.TC003_LoginDDT" name="verify_loginDDT" time="20.408"/>
  <testcase classname="testCases.TC003_LoginDDT" name="verify_loginDDT" time="2.416"/>
</testsuite> <!-- testCases.TC003_LoginDDT -->
